*** Main dataset ***

Dataset size: 10

Dataset 1: 115 training data, 18 testing data.
Bodies, heads and clauses of current training data are of same size? true
Bodies, heads and clauses of current testing data are of same size? true
Dataset 2: 119 training data, 16 testing data.
Bodies, heads and clauses of current training data are of same size? true
Bodies, heads and clauses of current testing data are of same size? true
Dataset 3: 114 training data, 17 testing data.
Bodies, heads and clauses of current training data are of same size? true
Bodies, heads and clauses of current testing data are of same size? true
Dataset 4: 117 training data, 18 testing data.
Bodies, heads and clauses of current training data are of same size? true
Bodies, heads and clauses of current testing data are of same size? true
Dataset 5: 118 training data, 16 testing data.
Bodies, heads and clauses of current training data are of same size? true
Bodies, heads and clauses of current testing data are of same size? true
Dataset 6: 117 training data, 17 testing data.
Bodies, heads and clauses of current training data are of same size? true
Bodies, heads and clauses of current testing data are of same size? true
Dataset 7: 114 training data, 18 testing data.
Bodies, heads and clauses of current training data are of same size? true
Bodies, heads and clauses of current testing data are of same size? true
Dataset 8: 115 training data, 17 testing data.
Bodies, heads and clauses of current training data are of same size? true
Bodies, heads and clauses of current testing data are of same size? true
Dataset 9: 115 training data, 17 testing data.
Bodies, heads and clauses of current training data are of same size? true
Bodies, heads and clauses of current testing data are of same size? true
Dataset 10: 109 training data, 25 testing data.
Bodies, heads and clauses of current training data are of same size? true
Bodies, heads and clauses of current testing data are of same size? true
*** Training/validation dataset ***

Dataset size: 0

*** Training/validation dataset ***

Dataset size: 0

*** Training/validation dataset ***

Dataset size: 0

*** Training/validation dataset ***

Dataset size: 0

*** Training/validation dataset ***

Dataset size: 0

*** Training/validation dataset ***

Dataset size: 0

*** Training/validation dataset ***

Dataset size: 0

*** Training/validation dataset ***

Dataset size: 0

*** Training/validation dataset ***

Dataset size: 0

*** Training/validation dataset ***

Dataset size: 0

